<?xml version="1.0" encoding="UTF-8"?>
<testng-results ignored="0" total="1" passed="1" failed="0" skipped="0">
  <reporter-output>
  </reporter-output>
  <suite started-at="2024-08-22T08:24:54 IST" name="Default suite" finished-at="2024-08-22T08:25:01 IST" duration-ms="7054">
    <groups>
    </groups>
    <test started-at="2024-08-22T08:24:54 IST" name="Default test" finished-at="2024-08-22T08:25:01 IST" duration-ms="7054">
      <class name="com.Actitime.pom.CreateCustomerTest">
        <test-method signature="CreateCust()[pri:0, instance:com.Actitime.pom.CreateCustomerTest@65c7a252]" started-at="2024-08-22T08:24:54 IST" name="CreateCust" finished-at="2024-08-22T08:25:01 IST" duration-ms="7009" status="PASS">
          <reporter-output>
          </reporter-output>
        </test-method> <!-- CreateCust -->
      </class> <!-- com.Actitime.pom.CreateCustomerTest -->
    </test> <!-- Default test -->
  </suite> <!-- Default suite -->
</testng-results>
